2025-02-03 11:01:57 [INFO] Server running on http://localhost:3000
2025-02-03 17:51:19 [INFO] Server running on http://localhost:3000
2025-02-03 17:51:49 [INFO] Request: GET /api/financials?report_period=2023-Q4&company_name=KB%EC%A6%9D%EA%B6%8C
2025-02-03 17:51:49 [INFO] DB Query Success: {"report_period":"2023-Q4","company_name":"KBì¦ê¶Œ"} - Rows: 10
2025-02-03 18:03:40 [INFO] ðŸš€ Server started on http://localhost:3000
2025-02-03 18:03:51 [INFO] Incoming Request: [GET] /api/financials?report_period=2023-Q4&company_name=KB%EC%A6%9D%EA%B6%8C from ::1 - Params: {"report_period":"2023-Q4","company_name":"KBì¦ê¶Œ"}
2025-02-03 18:03:51 [INFO] Executing SQL: SELECT report_period, financial_name, company_name, data, ranking, difer_data FROM financial_rank_table WHERE 1=1 AND report_period = $1 AND company_name = $2 - Params: ["2023-Q4","KBì¦ê¶Œ"]
2025-02-03 18:03:51 [INFO] DB Query Success: [GET] /api/financials?report_period=2023-Q4&company_name=KB%EC%A6%9D%EA%B6%8C - Rows Retrieved: 10
2025-02-03 18:11:25 [INFO] ðŸš€ Server started on http://localhost:3000
2025-02-03 18:11:31 [INFO] Incoming Request: [GET] /api/financials?report_period=2023-Q4&company_name=KB%EC%A6%9D%EA%B6%8C from ::1 - Params: {"report_period":"2023-Q4","company_name":"KBì¦ê¶Œ"}
2025-02-03 18:11:31 [INFO] Executing SQL: SELECT report_period, financial_name, company_name, data, ranking, difer_data FROM financial_rank_table WHERE 1=1 AND report_period = $1 AND company_name = $2 - Params: ["2023-Q4","KBì¦ê¶Œ"]
2025-02-03 18:11:31 [INFO] DB Query Success: [GET] /api/financials?report_period=2023-Q4&company_name=KB%EC%A6%9D%EA%B6%8C - Rows Retrieved: 10
2025-02-03 18:52:22 [INFO] ðŸš€ Server started on http://localhost:3005
2025-02-03 18:52:37 [INFO] Incoming Request: [GET] /api/financials?report_period=2023-Q4&company_name=KB%EC%A6%9D%EA%B6%8C from ::1 - Params: {"report_period":"2023-Q4","company_name":"KBì¦ê¶Œ"}
2025-02-03 18:52:37 [INFO] Executing SQL: SELECT report_period, financial_name, company_name, data, ranking, difer_data FROM financial_rank_table WHERE 1=1 AND report_period = $1 AND company_name = $2 - Params: ["2023-Q4","KBì¦ê¶Œ"]
2025-02-03 18:53:00 [INFO] ðŸš€ Server started on http://localhost:3005
2025-02-03 18:53:47 [INFO] Incoming Request: [GET] /api/financials?report_period=2023-Q4&company_name=KB%EC%A6%9D%EA%B6%8C from ::1 - Params: {"report_period":"2023-Q4","company_name":"KBì¦ê¶Œ"}
2025-02-03 18:53:47 [INFO] Executing SQL: SELECT report_period, financial_name, company_name, data, ranking, difer_data FROM financial_rank_table WHERE 1=1 AND report_period = $1 AND company_name = $2 - Params: ["2023-Q4","KBì¦ê¶Œ"]
2025-02-03 18:53:48 [INFO] DB Query Success: [GET] /api/financials?report_period=2023-Q4&company_name=KB%EC%A6%9D%EA%B6%8C - Rows Retrieved: 10
2025-02-03 18:53:56 [INFO] Incoming Request: [GET] /api/financials?report_period=2023-Q4,2024-Q1&company_name=KB%EC%A6%9D%EA%B6%8C from ::1 - Params: {"report_period":"2023-Q4,2024-Q1","company_name":"KBì¦ê¶Œ"}
2025-02-03 18:53:56 [INFO] Executing SQL: SELECT report_period, financial_name, company_name, data, ranking, difer_data FROM financial_rank_table WHERE 1=1 AND report_period IN ($1, $2) AND company_name = $3 - Params: ["2023-Q4","2024-Q1","KBì¦ê¶Œ"]
2025-02-03 18:53:56 [INFO] DB Query Success: [GET] /api/financials?report_period=2023-Q4,2024-Q1&company_name=KB%EC%A6%9D%EA%B6%8C - Rows Retrieved: 20
2025-02-03 18:54:14 [INFO] Incoming Request: [GET] /api/financials?report_period=2023-Q4,2024-Q1&company_name=KB%EC%A6%9D%EA%B6%8C,IBK%ED%88%AC%EC%9E%90%EC%A6%9D%EA%B6%8C from ::1 - Params: {"report_period":"2023-Q4,2024-Q1","company_name":"KBì¦ê¶Œ,IBKíˆ¬ìžì¦ê¶Œ"}
2025-02-03 18:54:14 [INFO] Executing SQL: SELECT report_period, financial_name, company_name, data, ranking, difer_data FROM financial_rank_table WHERE 1=1 AND report_period IN ($1, $2) AND company_name IN ($3, $4) - Params: ["2023-Q4","2024-Q1","KBì¦ê¶Œ","IBKíˆ¬ìžì¦ê¶Œ"]
2025-02-03 18:54:14 [INFO] DB Query Success: [GET] /api/financials?report_period=2023-Q4,2024-Q1&company_name=KB%EC%A6%9D%EA%B6%8C,IBK%ED%88%AC%EC%9E%90%EC%A6%9D%EA%B6%8C - Rows Retrieved: 40
2025-02-04 14:54:43 [INFO] ðŸš€ Server started on http://localhost:3005
2025-02-06 13:05:40 [INFO] ðŸš€ Server started on http://localhost:3005
2025-02-10 13:56:57 [INFO] ðŸš€ Server started on http://localhost:3005
2025-02-10 13:57:33 [INFO] Incoming Request: [GET] /api/financials?report_period=2023-Q4 from ::1 - Params: {"report_period":"2023-Q4"}
2025-02-10 13:57:33 [INFO] Executing SQL: SELECT report_period, financial_name, company_name, data, ranking, difer_data FROM financial_rank_table WHERE 1=1 AND report_period = $1 ORDER BY financial_name ASC LIMIT $2 - Params: ["2023-Q4",10]
2025-02-10 13:57:34 [ERROR] DB Query Error: getaddrinfo ENOTFOUND postgres_postgresql-master_1 - SQL: SELECT report_period, financial_name, company_name, data, ranking, difer_data FROM financial_rank_table WHERE 1=1 AND report_period = $1 ORDER BY financial_name ASC LIMIT $2 - Params: ["2023-Q4",10]
2025-02-10 14:06:00 [INFO] Incoming Request: [GET] /api/financials?report_period=2023-Q4 from ::1 - Params: {"report_period":"2023-Q4"}
2025-02-10 14:06:00 [INFO] Executing SQL: SELECT report_period, financial_name, company_name, data, ranking, difer_data FROM financial_rank_table WHERE 1=1 AND report_period = $1 ORDER BY financial_name ASC LIMIT $2 - Params: ["2023-Q4",10]
2025-02-10 14:06:02 [ERROR] DB Query Error: getaddrinfo ENOTFOUND postgres_postgresql-master_1 - SQL: SELECT report_period, financial_name, company_name, data, ranking, difer_data FROM financial_rank_table WHERE 1=1 AND report_period = $1 ORDER BY financial_name ASC LIMIT $2 - Params: ["2023-Q4",10]
2025-02-10 14:07:04 [INFO] Incoming Request: [GET] /api/financials?report_period=2023-Q4 from ::1 - Params: {"report_period":"2023-Q4"}
2025-02-10 14:07:04 [INFO] Executing SQL: SELECT report_period, financial_name, company_name, data, ranking, difer_data FROM financial_rank_table WHERE 1=1 AND report_period = $1 ORDER BY financial_name ASC LIMIT $2 - Params: ["2023-Q4",10]
2025-02-10 14:07:05 [ERROR] DB Query Error: getaddrinfo ENOTFOUND postgres_postgresql-master_1 - SQL: SELECT report_period, financial_name, company_name, data, ranking, difer_data FROM financial_rank_table WHERE 1=1 AND report_period = $1 ORDER BY financial_name ASC LIMIT $2 - Params: ["2023-Q4",10]
2025-02-10 14:07:10 [INFO] ðŸš€ Server started on http://localhost:3005
2025-02-10 14:07:11 [INFO] Incoming Request: [GET] /api/financials?report_period=2023-Q4 from ::1 - Params: {"report_period":"2023-Q4"}
2025-02-10 14:07:11 [INFO] Executing SQL: SELECT report_period, financial_name, company_name, data, ranking, difer_data FROM financial_rank_table WHERE 1=1 AND report_period = $1 ORDER BY financial_name ASC LIMIT $2 - Params: ["2023-Q4",10]
2025-02-10 14:07:11 [INFO] DB Query Success: [GET] /api/financials?report_period=2023-Q4 - Rows Retrieved: 10
2025-02-10 14:09:45 [INFO] Incoming Request: [GET] /api/financials?financial_name=roe,roa from ::1 - Params: {"financial_name":"roe,roa"}
2025-02-10 14:09:45 [INFO] Executing SQL: SELECT report_period, financial_name, company_name, data, ranking, difer_data FROM financial_rank_table WHERE 1=1 AND financial_name IN ($1, $2) ORDER BY financial_name ASC LIMIT $3 - Params: ["roe","roa",10]
2025-02-10 14:09:45 [INFO] DB Query Success: [GET] /api/financials?financial_name=roe,roa - Rows Retrieved: 10
2025-02-10 16:45:49 [INFO] ðŸš€ Server started on http://localhost:3005
2025-02-10 16:45:58 [INFO] Incoming Request: [GET] /api/financials?financial_name=roe,roa from ::1 - Params: {"financial_name":"roe,roa"}
2025-02-10 16:45:58 [INFO] Executing SQL: SELECT report_period, financial_name, company_name, data, ranking, difer_data FROM financial_rank_table WHERE 1=1 AND financial_name IN ($1, $2) ORDER BY ranking ASC - Params: ["roe","roa"]
2025-02-10 16:45:58 [INFO] DB Query Success: [GET] /api/financials?financial_name=roe,roa - Rows Retrieved: 814
2025-02-12 17:41:48 [INFO] ðŸš€ Server started on http://localhost:3005
2025-02-12 17:42:15 [INFO] Incoming Request: [GET] /api/financials?financial_name= from ::1 - Params: {"financial_name":""}
2025-02-12 17:42:15 [INFO] Executing SQL: SELECT report_period, financial_name, company_name, data, ranking, difer_data FROM financial_rank_table WHERE 1=1 ORDER BY ranking ASC - Params: []
2025-02-12 17:42:15 [INFO] DB Query Success: [GET] /api/financials?financial_name= - Rows Retrieved: 4070
2025-02-12 17:43:16 [INFO] ðŸš€ Server started on http://localhost:3005
2025-02-12 17:43:18 [INFO] Incoming Request: [GET] /api/financials?financial_name=%EC%B4%9D%EC%9E%90%EB%B3%B8 from ::1 - Params: {"financial_name":"ì´ìžë³¸"}
2025-02-12 17:43:18 [INFO] Executing SQL: SELECT report_period, financial_name, company_name, data, ranking, difer_data FROM financial_rank_table WHERE 1=1 AND financial_name = $1 ORDER BY ranking ASC - Params: ["ì´ìžë³¸"]
2025-02-12 17:43:18 [INFO] DB Query Success: [GET] /api/financials?financial_name=%EC%B4%9D%EC%9E%90%EB%B3%B8 - Rows Retrieved: 0
2025-02-12 17:43:47 [INFO] ðŸš€ Server started on http://localhost:3005
2025-02-12 17:43:49 [INFO] Incoming Request: [GET] /api/financials?financial_name=%EC%B4%9D%EC%9E%90%EB%B3%B8 from ::1 - Params: {"financial_name":"ì´ìžë³¸"}
2025-02-12 17:43:49 [INFO] Executing SQL: SELECT report_period, financial_name, company_name, data, ranking, difer_data FROM financial_rank_table WHERE 1=1 AND financial_name = $1 ORDER BY ranking ASC - Params: ["ì´ìžë³¸"]
2025-02-12 17:43:49 [INFO] DB Query Success: [GET] /api/financials?financial_name=%EC%B4%9D%EC%9E%90%EB%B3%B8 - Rows Retrieved: 0
2025-02-12 17:44:22 [INFO] Incoming Request: [GET] /api/financials?financial_name=%EC%B4%9D%EC%9E%90%EB%B3%B8 from ::1 - Params: {"financial_name":"ì´ìžë³¸"}
2025-02-12 17:44:22 [INFO] Executing SQL: SELECT report_period, financial_name, company_name, data, ranking, difer_data FROM financial_rank_table WHERE 1=1 AND financial_name = $1 ORDER BY ranking ASC - Params: ["ì´ìžë³¸"]
2025-02-12 17:44:22 [INFO] DB Query Success: [GET] /api/financials?financial_name=%EC%B4%9D%EC%9E%90%EB%B3%B8 - Rows Retrieved: 0
2025-02-12 17:44:26 [INFO] ðŸš€ Server started on http://localhost:3005
2025-02-12 17:44:27 [INFO] Incoming Request: [GET] /api/financials?financial_name=%EC%B4%9D%EC%9E%90%EB%B3%B8 from ::1 - Params: {"financial_name":"ì´ìžë³¸"}
2025-02-12 17:44:27 [INFO] Financial name mapping: "ì´ìžë³¸" -> "total_equity"
2025-02-12 17:44:27 [INFO] Executing SQL: SELECT report_period, financial_name, company_name, data, ranking, difer_data FROM financial_rank_table WHERE 1=1 AND financial_name = $1 ORDER BY ranking ASC - Params: ["total_equity"]
2025-02-12 17:44:28 [INFO] DB Query Success: [GET] /api/financials?financial_name=%EC%B4%9D%EC%9E%90%EB%B3%B8 - Rows Retrieved: 407
2025-02-12 17:44:58 [INFO] Incoming Request: [GET] /api/financials?financial_name=%EC%B4%9D%EC%9E%90%EB%B3%B8,roe from ::1 - Params: {"financial_name":"ì´ìžë³¸,roe"}
2025-02-12 17:44:58 [INFO] Financial name mapping: "ì´ìžë³¸" -> "total_equity"
2025-02-12 17:44:58 [INFO] Executing SQL: SELECT report_period, financial_name, company_name, data, ranking, difer_data FROM financial_rank_table WHERE 1=1 AND financial_name IN ($1, $2) ORDER BY ranking ASC - Params: ["total_equity","roe"]
2025-02-12 17:44:58 [INFO] DB Query Success: [GET] /api/financials?financial_name=%EC%B4%9D%EC%9E%90%EB%B3%B8,roe - Rows Retrieved: 814
2025-02-12 17:51:43 [INFO] ðŸš€ Server started on http://localhost:3005
2025-02-12 17:51:46 [INFO] Incoming Request: [GET] /api/financials?financial_name=%EC%B4%9D%EC%9E%90%EB%B3%B8,roe from ::1 - Params: {"financial_name":"ì´ìžë³¸,roe"}
2025-02-12 17:51:46 [INFO] Financial name mapping: "ì´ìžë³¸" -> "total_equity"
2025-02-12 17:51:46 [INFO] Executing SQL: SELECT report_period, financial_name, company_name, data, ranking, difer_data FROM financial_rank_table WHERE 1=1 AND financial_name IN ($1, $2) ORDER BY ranking ASC - Params: ["total_equity","roe"]
2025-02-12 17:51:46 [INFO] DB Query Success: [GET] /api/financials?financial_name=%EC%B4%9D%EC%9E%90%EB%B3%B8,roe - Rows Retrieved: 814
